<?xml version="1.0" encoding="UTF-8"?>
<testsuite xmlns:xsi="http://www.w3.org/2001/XMLSchema-instance" xsi:noNamespaceSchemaLocation="https://maven.apache.org/surefire/maven-surefire-plugin/xsd/surefire-test-report-3.0.xsd" version="3.0" name="com.nocountryc14.listacheck.ListacheckApplicationTests" time="23.281" tests="1" errors="0" skipped="0" failures="0">
  <properties>
[...]
</properties>
  <testcase name="contextLoads" classname="com.nocountryc14.listacheck.ListacheckApplicationTests" time="1.23">
    <system-out><![CDATA[19:38:04.264 [main] INFO org.springframework.test.context.support.AnnotationConfigContextLoaderUtils -- Could not detect default configuration classes for test class [com.nocountryc14.listacheck.ListacheckApplicationTests]: ListacheckApplicationTests does not declare any static, non-private, non-final, nested classes annotated with @Configuration.
19:38:04.519 [main] INFO org.springframework.boot.test.context.SpringBootTestContextBootstrapper -- Found @SpringBootConfiguration com.nocountryc14.listacheck.ListacheckApplication for test class com.nocountryc14.listacheck.ListacheckApplicationTests

  .   ____          _            __ _ _
 /\\ / ___'_ __ _ _(_)_ __  __ _ \ \ \ \
( ( )\___ | '_ | '_| | '_ \/ _` | \ \ \ \
 \\/  ___)| |_)| | | | | || (_| |  ) ) ) )
  '  |____| .__|_| |_|_| |_\__, | / / / /
 =========|_|==============|___/=/_/_/_/
 :: Spring Boot ::                (v3.1.4)

2023-10-31T19:38:05.449-03:00  INFO 11764 --- [           main] c.n.l.ListacheckApplicationTests         : Starting ListacheckApplicationTests using Java 17.0.8.1 with PID 11764 (started by franc in C:\Users\franc\OneDrive\Documentos\GitHub\c14-37-t-java-react\listacheck)
2023-10-31T19:38:05.454-03:00  INFO 11764 --- [           main] c.n.l.ListacheckApplicationTests         : No active profile set, falling back to 1 default profile: "default"
2023-10-31T19:38:07.237-03:00  INFO 11764 --- [           main] .s.d.r.c.RepositoryConfigurationDelegate : Bootstrapping Spring Data JPA repositories in DEFAULT mode.
2023-10-31T19:38:07.482-03:00  INFO 11764 --- [           main] .s.d.r.c.RepositoryConfigurationDelegate : Finished Spring Data repository scanning in 219 ms. Found 6 JPA repository interfaces.
2023-10-31T19:38:08.700-03:00  INFO 11764 --- [           main] o.hibernate.jpa.internal.util.LogHelper  : HHH000204: Processing PersistenceUnitInfo [name: default]
2023-10-31T19:38:08.915-03:00  INFO 11764 --- [           main] org.hibernate.Version                    : HHH000412: Hibernate ORM core version 6.2.9.Final
2023-10-31T19:38:08.922-03:00  INFO 11764 --- [           main] org.hibernate.cfg.Environment            : HHH000406: Using bytecode reflection optimizer
2023-10-31T19:38:09.575-03:00  INFO 11764 --- [           main] o.h.b.i.BytecodeProviderInitiator        : HHH000021: Bytecode provider name : bytebuddy
2023-10-31T19:38:10.041-03:00  INFO 11764 --- [           main] o.s.o.j.p.SpringPersistenceUnitInfo      : No LoadTimeWeaver setup: ignoring JPA class transformer
2023-10-31T19:38:10.106-03:00  INFO 11764 --- [           main] com.zaxxer.hikari.HikariDataSource       : HikariPool-1 - Starting...
2023-10-31T19:38:13.738-03:00  INFO 11764 --- [           main] com.zaxxer.hikari.pool.HikariPool        : HikariPool-1 - Added connection com.mysql.cj.jdbc.ConnectionImpl@2b6262bc
2023-10-31T19:38:13.751-03:00  INFO 11764 --- [           main] com.zaxxer.hikari.HikariDataSource       : HikariPool-1 - Start completed.
2023-10-31T19:38:14.134-03:00  WARN 11764 --- [           main] org.hibernate.orm.deprecation            : HHH90000026: MySQL8Dialect has been deprecated; use org.hibernate.dialect.MySQLDialect instead
2023-10-31T19:38:15.032-03:00  INFO 11764 --- [           main] o.h.b.i.BytecodeProviderInitiator        : HHH000021: Bytecode provider name : bytebuddy
2023-10-31T19:38:17.001-03:00  INFO 11764 --- [           main] o.h.e.t.j.p.i.JtaPlatformInitiator       : HHH000490: Using JtaPlatform implementation: [org.hibernate.engine.transaction.jta.platform.internal.NoJtaPlatform]
2023-10-31T19:38:22.198-03:00  INFO 11764 --- [           main] j.LocalContainerEntityManagerFactoryBean : Initialized JPA EntityManagerFactory for persistence unit 'default'
2023-10-31T19:38:24.637-03:00  WARN 11764 --- [           main] JpaBaseConfiguration$JpaWebConfiguration : spring.jpa.open-in-view is enabled by default. Therefore, database queries may be performed during view rendering. Explicitly configure spring.jpa.open-in-view to disable this warning
2023-10-31T19:38:25.500-03:00  WARN 11764 --- [           main] ion$DefaultTemplateResolverConfiguration : Cannot find template location: classpath:/templates/ (please add some templates, check your Thymeleaf configuration, or set spring.thymeleaf.check-template-location=false)
2023-10-31T19:38:25.853-03:00  INFO 11764 --- [           main] c.n.l.ListacheckApplicationTests         : Started ListacheckApplicationTests in 20.945 seconds (process running for 26.343)
]]></system-out>
  </testcase>
</testsuite>